0 info it worked if it ends with ok
1 verbose cli [ '/usr/bin/nodejs', '/usr/bin/npm', 'run', 'server' ]
2 info using npm@3.10.10
3 info using node@v6.10.0
4 verbose run-script [ 'preserver', 'server', 'postserver' ]
5 info lifecycle energia-restful-api@~preserver: energia-restful-api@
6 silly lifecycle energia-restful-api@~preserver: no script for preserver, continuing
7 info lifecycle energia-restful-api@~server: energia-restful-api@
8 verbose lifecycle energia-restful-api@~server: unsafe-perm in lifecycle true
9 verbose lifecycle energia-restful-api@~server: PATH: /usr/lib/node_modules/npm/bin/node-gyp-bin:/home/pird-admin/Documentos/express/restful-api-express/node_modules/.bin:/home/pird-admin/bin:/home/pird-admin/.local/bin:/usr/local/sbin:/usr/local/bin:/usr/sbin:/usr/bin:/sbin:/bin:/usr/games:/usr/local/games:/snap/bin
10 verbose lifecycle energia-restful-api@~server: CWD: /home/pird-admin/Documentos/express/restful-api-express
11 silly lifecycle energia-restful-api@~server: Args: [ '-c', 'babel-node app.js' ]
12 silly lifecycle energia-restful-api@~server: Returned: code: 1  signal: null
13 info lifecycle energia-restful-api@~server: Failed to exec server script
14 verbose stack Error: energia-restful-api@ server: `babel-node app.js`
14 verbose stack Exit status 1
14 verbose stack     at EventEmitter.<anonymous> (/usr/lib/node_modules/npm/lib/utils/lifecycle.js:255:16)
14 verbose stack     at emitTwo (events.js:106:13)
14 verbose stack     at EventEmitter.emit (events.js:191:7)
14 verbose stack     at ChildProcess.<anonymous> (/usr/lib/node_modules/npm/lib/utils/spawn.js:40:14)
14 verbose stack     at emitTwo (events.js:106:13)
14 verbose stack     at ChildProcess.emit (events.js:191:7)
14 verbose stack     at maybeClose (internal/child_process.js:877:16)
14 verbose stack     at Process.ChildProcess._handle.onexit (internal/child_process.js:226:5)
15 verbose pkgid energia-restful-api@
16 verbose cwd /home/pird-admin/Documentos/express/restful-api-express
17 error Linux 4.4.0-64-generic
18 error argv "/usr/bin/nodejs" "/usr/bin/npm" "run" "server"
19 error node v6.10.0
20 error npm  v3.10.10
21 error code ELIFECYCLE
22 error energia-restful-api@ server: `babel-node app.js`
22 error Exit status 1
23 error Failed at the energia-restful-api@ server script 'babel-node app.js'.
23 error Make sure you have the latest version of node.js and npm installed.
23 error If you do, this is most likely a problem with the energia-restful-api package,
23 error not with npm itself.
23 error Tell the author that this fails on your system:
23 error     babel-node app.js
23 error You can get information on how to open an issue for this project with:
23 error     npm bugs energia-restful-api
23 error Or if that isn't available, you can get their info via:
23 error     npm owner ls energia-restful-api
23 error There is likely additional logging output above.
24 verbose exit [ 1, true ]
